<?xml version="1.0" encoding="UTF-8"?>
<!-- Generated by org.testng.reporters.JUnitReportReporter -->
<testsuite hostname="Swapnas-MacBook-Pro.local" failures="0" tests="4" name="TestCases.BuggyHomePageTest" time="15.029" errors="0" timestamp="2021-08-02T18:20:47 NZST" skipped="0">
  <testcase classname="TestCases.BuggyHomePageTest" name="verifyPopularMake" time="3.858"/>
  <system-out/>
  <testcase classname="TestCases.BuggyHomePageTest" name="userRegistration" time="3.842"/>
  <system-out/>
  <testcase classname="TestCases.BuggyHomePageTest" name="buggyHomePageTest" time="3.068"/>
  <system-out/>
  <testcase classname="TestCases.BuggyHomePageTest" name="loginUser" time="4.261"/>
  <system-out/>
</testsuite> <!-- TestCases.BuggyHomePageTest -->
